# JRE version: Java(TM) SE Runtime Environment (8.0_131-b11) (build 1.8.0_131-b11)
# Java VM: Java HotSpot(TM) 64-Bit Server VM (25.131-b11 mixed mode windows-amd64 compressed oops)
Heap:
 PSYoungGen      total 279040K, used 16436K [0x000000076c380000, 0x000000077ea80000, 0x00000007c0000000)
  eden space 257536K, 0% used [0x000000076c380000,0x000000076c380000,0x000000077bf00000)
  from space 21504K, 76% used [0x000000077d480000,0x000000077e48d208,0x000000077e980000)
  to   space 22016K, 0% used [0x000000077bf00000,0x000000077bf00000,0x000000077d480000)
 ParOldGen       total 172032K, used 16447K [0x00000006c4a00000, 0x00000006cf200000, 0x000000076c380000)
  object space 172032K, 9% used [0x00000006c4a00000,0x00000006c5a0fc18,0x00000006cf200000)
 Metaspace       used 20808K, capacity 21114K, committed 21296K, reserved 1069056K
  class space    used 2475K, capacity 2581K, committed 2688K, reserved 1048576K
GC Heap History (10 events):
Event: 2.528 GC heap after
Heap after GC invocations=2 (full 0):
 PSYoungGen      total 75264K, used 10745K [0x000000076c380000, 0x0000000775680000, 0x00000007c0000000)
  eden space 64512K, 0% used [0x000000076c380000,0x000000076c380000,0x0000000770280000)
  from space 10752K, 99% used [0x0000000770d00000,0x000000077177e620,0x0000000771780000)
  to   space 10752K, 0% used [0x0000000770280000,0x0000000770280000,0x0000000770d00000)
 ParOldGen       total 172032K, used 1012K [0x00000006c4a00000, 0x00000006cf200000, 0x000000076c380000)
  object space 172032K, 0% used [0x00000006c4a00000,0x00000006c4afd3d0,0x00000006cf200000)
 Metaspace       used 14533K, capacity 14760K, committed 14976K, reserved 1062912K
  class space    used 1778K, capacity 1876K, committed 1920K, reserved 1048576K
}
Event: 3.864 GC heap before
{Heap before GC invocations=3 (full 0):
 PSYoungGen      total 75264K, used 75257K [0x000000076c380000, 0x0000000775680000, 0x00000007c0000000)
  eden space 64512K, 100% used [0x000000076c380000,0x0000000770280000,0x0000000770280000)
  from space 10752K, 99% used [0x0000000770d00000,0x000000077177e620,0x0000000771780000)
  to   space 10752K, 0% used [0x0000000770280000,0x0000000770280000,0x0000000770d00000)
 ParOldGen       total 172032K, used 1012K [0x00000006c4a00000, 0x00000006cf200000, 0x000000076c380000)
  object space 172032K, 0% used [0x00000006c4a00000,0x00000006c4afd3d0,0x00000006cf200000)
 Metaspace       used 15327K, capacity 15538K, committed 15744K, reserved 1062912K
  class space    used 1818K, capacity 1915K, committed 1920K, reserved 1048576K
Event: 3.879 GC heap after
Heap after GC invocations=3 (full 0):
 PSYoungGen      total 75264K, used 10736K [0x000000076c380000, 0x0000000775680000, 0x00000007c0000000)
  eden space 64512K, 0% used [0x000000076c380000,0x000000076c380000,0x0000000770280000)
  from space 10752K, 99% used [0x0000000770280000,0x0000000770cfc050,0x0000000770d00000)
  to   space 10752K, 0% used [0x0000000774c00000,0x0000000774c00000,0x0000000775680000)
 ParOldGen       total 172032K, used 3663K [0x00000006c4a00000, 0x00000006cf200000, 0x000000076c380000)
  object space 172032K, 2% used [0x00000006c4a00000,0x00000006c4d93cb8,0x00000006cf200000)
 Metaspace       used 15327K, capacity 15538K, committed 15744K, reserved 1062912K
  class space    used 1818K, capacity 1915K, committed 1920K, reserved 1048576K
}
Event: 4.978 GC heap before
{Heap before GC invocations=4 (full 0):
 PSYoungGen      total 75264K, used 75248K [0x000000076c380000, 0x0000000775680000, 0x00000007c0000000)
  eden space 64512K, 100% used [0x000000076c380000,0x0000000770280000,0x0000000770280000)
  from space 10752K, 99% used [0x0000000770280000,0x0000000770cfc050,0x0000000770d00000)
  to   space 10752K, 0% used [0x0000000774c00000,0x0000000774c00000,0x0000000775680000)
 ParOldGen       total 172032K, used 3663K [0x00000006c4a00000, 0x00000006cf200000, 0x000000076c380000)
  object space 172032K, 2% used [0x00000006c4a00000,0x00000006c4d93cb8,0x00000006cf200000)
 Metaspace       used 15828K, capacity 16114K, committed 16256K, reserved 1062912K
  class space    used 1833K, capacity 1915K, committed 1920K, reserved 1048576K
Event: 5.013 GC heap after
Heap after GC invocations=4 (full 0):
 PSYoungGen      total 139776K, used 10736K [0x000000076c380000, 0x0000000775680000, 0x00000007c0000000)
  eden space 129024K, 0% used [0x000000076c380000,0x000000076c380000,0x0000000774180000)
  from space 10752K, 99% used [0x0000000774c00000,0x000000077567c030,0x0000000775680000)
  to   space 10752K, 0% used [0x0000000774180000,0x0000000774180000,0x0000000774c00000)
 ParOldGen       total 172032K, used 6582K [0x00000006c4a00000, 0x00000006cf200000, 0x000000076c380000)
  object space 172032K, 3% used [0x00000006c4a00000,0x00000006c506d968,0x00000006cf200000)
 Metaspace       used 15828K, capacity 16114K, committed 16256K, reserved 1062912K
  class space    used 1833K, capacity 1915K, committed 1920K, reserved 1048576K
}
Event: 6.868 GC heap before
{Heap before GC invocations=5 (full 0):
 PSYoungGen      total 139776K, used 139760K [0x000000076c380000, 0x0000000775680000, 0x00000007c0000000)
  eden space 129024K, 100% used [0x000000076c380000,0x0000000774180000,0x0000000774180000)
  from space 10752K, 99% used [0x0000000774c00000,0x000000077567c030,0x0000000775680000)
  to   space 10752K, 0% used [0x0000000774180000,0x0000000774180000,0x0000000774c00000)
 ParOldGen       total 172032K, used 6582K [0x00000006c4a00000, 0x00000006cf200000, 0x000000076c380000)
  object space 172032K, 3% used [0x00000006c4a00000,0x00000006c506d968,0x00000006cf200000)
 Metaspace       used 16635K, capacity 16886K, committed 17152K, reserved 1064960K
  class space    used 1929K, capacity 2021K, committed 2048K, reserved 1048576K
Event: 6.901 GC heap after
Heap after GC invocations=5 (full 0):
 PSYoungGen      total 139776K, used 10752K [0x000000076c380000, 0x000000077e980000, 0x00000007c0000000)
  eden space 129024K, 0% used [0x000000076c380000,0x000000076c380000,0x0000000774180000)
  from space 10752K, 100% used [0x0000000774180000,0x0000000774c00000,0x0000000774c00000)
  to   space 21504K, 0% used [0x000000077d480000,0x000000077d480000,0x000000077e980000)
 ParOldGen       total 172032K, used 16439K [0x00000006c4a00000, 0x00000006cf200000, 0x000000076c380000)
  object space 172032K, 9% used [0x00000006c4a00000,0x00000006c5a0dc18,0x00000006cf200000)
 Metaspace       used 16635K, capacity 16886K, committed 17152K, reserved 1064960K
  class space    used 1929K, capacity 2021K, committed 2048K, reserved 1048576K
}
Event: 8.076 GC heap before
{Heap before GC invocations=6 (full 0):
 PSYoungGen      total 139776K, used 52141K [0x000000076c380000, 0x000000077e980000, 0x00000007c0000000)
  eden space 129024K, 32% used [0x000000076c380000,0x000000076ebeb740,0x0000000774180000)
  from space 10752K, 100% used [0x0000000774180000,0x0000000774c00000,0x0000000774c00000)
  to   space 21504K, 0% used [0x000000077d480000,0x000000077d480000,0x000000077e980000)
 ParOldGen       total 172032K, used 16439K [0x00000006c4a00000, 0x00000006cf200000, 0x000000076c380000)
  object space 172032K, 9% used [0x00000006c4a00000,0x00000006c5a0dc18,0x00000006cf200000)
 Metaspace       used 20808K, capacity 21114K, committed 21296K, reserved 1069056K
  class space    used 2475K, capacity 2581K, committed 2688K, reserved 1048576K
Event: 8.102 GC heap after
Heap after GC invocations=6 (full 0):
 PSYoungGen      total 279040K, used 16436K [0x000000076c380000, 0x000000077ea80000, 0x00000007c0000000)
  eden space 257536K, 0% used [0x000000076c380000,0x000000076c380000,0x000000077bf00000)
  from space 21504K, 76% used [0x000000077d480000,0x000000077e48d208,0x000000077e980000)
  to   space 22016K, 0% used [0x000000077bf00000,0x000000077bf00000,0x000000077d480000)
 ParOldGen       total 172032K, used 16447K [0x00000006c4a00000, 0x00000006cf200000, 0x000000076c380000)
  object space 172032K, 9% used [0x00000006c4a00000,0x00000006c5a0fc18,0x00000006cf200000)
 Metaspace       used 20808K, capacity 21114K, committed 21296K, reserved 1069056K
  class space    used 2475K, capacity 2581K, committed 2688K, reserved 1048576K
}
Event: 8.102 GC heap before
{Heap before GC invocations=7 (full 1):
 PSYoungGen      total 279040K, used 16436K [0x000000076c380000, 0x000000077ea80000, 0x00000007c0000000)
  eden space 257536K, 0% used [0x000000076c380000,0x000000076c380000,0x000000077bf00000)
  from space 21504K, 76% used [0x000000077d480000,0x000000077e48d208,0x000000077e980000)
  to   space 22016K, 0% used [0x000000077bf00000,0x000000077bf00000,0x000000077d480000)
 ParOldGen       total 172032K, used 16447K [0x00000006c4a00000, 0x00000006cf200000, 0x000000076c380000)
  object space 172032K, 9% used [0x00000006c4a00000,0x00000006c5a0fc18,0x00000006cf200000)
 Metaspace       used 20808K, capacity 21114K, committed 21296K, reserved 1069056K
  class space    used 2475K, capacity 2581K, committed 2688K, reserved 1048576K

