<?xml version="1.0" encoding="UTF-8"?>
<testng-results skipped="1" failed="0" ignored="0" total="1" passed="0">
  <reporter-output>
  </reporter-output>
  <suite name="Default suite" duration-ms="1227" started-at="2019-07-09T06:16:29Z" finished-at="2019-07-09T06:16:30Z">
    <groups>
    </groups>
    <test name="Default test" duration-ms="1227" started-at="2019-07-09T06:16:29Z" finished-at="2019-07-09T06:16:30Z">
      <class name="com.Junglee.APITest.HowzatCore.HowzatJoinContestAPI">
        <test-method status="PASS" signature="beforeSuite()[pri:0, instance:com.Junglee.APITest.HowzatCore.HowzatJoinContestAPI@28c4711c]" name="beforeSuite" is-config="true" duration-ms="10" started-at="2019-07-09T06:16:29Z" finished-at="2019-07-09T06:16:29Z">
          <reporter-output>
          </reporter-output>
        </test-method> <!-- beforeSuite -->
        <test-method status="PASS" signature="beforeTest(org.testng.ITestContext)[pri:0, instance:com.Junglee.APITest.HowzatCore.HowzatJoinContestAPI@28c4711c]" name="beforeTest" is-config="true" duration-ms="4" started-at="2019-07-09T06:16:29Z" finished-at="2019-07-09T06:16:29Z">
          <params>
            <param index="0">
              <value>
                <![CDATA[org.testng.TestRunner@7674f035]]>
              </value>
            </param>
          </params>
          <reporter-output>
          </reporter-output>
        </test-method> <!-- beforeTest -->
        <test-method status="FAIL" signature="beforeMethod(java.lang.reflect.Method, org.testng.ITestContext)[pri:0, instance:com.Junglee.APITest.HowzatCore.HowzatJoinContestAPI@28c4711c]" name="beforeMethod" is-config="true" duration-ms="1" started-at="2019-07-09T06:16:30Z" finished-at="2019-07-09T06:16:30Z">
          <params>
            <param index="0">
              <value>
                <![CDATA[public void com.Junglee.APITest.HowzatCore.HowzatJoinContestAPI.JoinContestPositiveTest(java.util.HashMap)]]>
              </value>
            </param>
            <param index="1">
              <value>
                <![CDATA[org.testng.TestRunner@7674f035]]>
              </value>
            </param>
          </params>
          <exception class="java.lang.NullPointerException">
            <full-stacktrace>
              <![CDATA[java.lang.NullPointerException
at com.Junglee.SeleniumUtils.SeleniumContext.getTestLevelURL(SeleniumContext.java:83)
at com.Junglee.Base.Base.beforeMethod(Base.java:96)
at sun.reflect.NativeMethodAccessorImpl.invoke0(Native Method)
at sun.reflect.NativeMethodAccessorImpl.invoke(NativeMethodAccessorImpl.java:62)
at sun.reflect.DelegatingMethodAccessorImpl.invoke(DelegatingMethodAccessorImpl.java:43)
at java.lang.reflect.Method.invoke(Method.java:498)
at org.testng.internal.MethodInvocationHelper.invokeMethod(MethodInvocationHelper.java:124)
at org.testng.internal.MethodInvocationHelper.invokeMethodConsideringTimeout(MethodInvocationHelper.java:59)
at org.testng.internal.Invoker.invokeConfigurationMethod(Invoker.java:458)
at org.testng.internal.Invoker.invokeConfigurations(Invoker.java:222)
at org.testng.internal.Invoker.invokeMethod(Invoker.java:523)
at org.testng.internal.Invoker.invokeTestMethod(Invoker.java:719)
at org.testng.internal.Invoker.invokeTestMethods(Invoker.java:989)
at org.testng.internal.TestMethodWorker.invokeTestMethods(TestMethodWorker.java:125)
at org.testng.internal.TestMethodWorker.run(TestMethodWorker.java:109)
at org.testng.TestRunner.privateRun(TestRunner.java:648)
at org.testng.TestRunner.run(TestRunner.java:505)
at org.testng.SuiteRunner.runTest(SuiteRunner.java:455)
at org.testng.SuiteRunner.runSequentially(SuiteRunner.java:450)
at org.testng.SuiteRunner.privateRun(SuiteRunner.java:415)
at org.testng.SuiteRunner.run(SuiteRunner.java:364)
at org.testng.SuiteRunnerWorker.runSuite(SuiteRunnerWorker.java:52)
at org.testng.SuiteRunnerWorker.run(SuiteRunnerWorker.java:84)
at org.testng.TestNG.runSuitesSequentially(TestNG.java:1208)
at org.testng.TestNG.runSuitesLocally(TestNG.java:1137)
at org.testng.TestNG.runSuites(TestNG.java:1049)
at org.testng.TestNG.run(TestNG.java:1017)
at org.testng.remote.AbstractRemoteTestNG.run(AbstractRemoteTestNG.java:114)
at org.testng.remote.RemoteTestNG.initAndRun(RemoteTestNG.java:251)
at org.testng.remote.RemoteTestNG.main(RemoteTestNG.java:77)
]]>
            </full-stacktrace>
          </exception> <!-- java.lang.NullPointerException -->
          <reporter-output>
          </reporter-output>
        </test-method> <!-- beforeMethod -->
        <test-method status="SKIP" signature="JoinContestPositiveTest(java.util.HashMap)[pri:0, instance:com.Junglee.APITest.HowzatCore.HowzatJoinContestAPI@28c4711c]" name="JoinContestPositiveTest" duration-ms="0" started-at="2019-07-09T06:16:30Z" description="Howzat Join Contest API - Positive Workflow Test" data-provider="insertRest" finished-at="2019-07-09T06:16:30Z">
          <exception class="java.lang.NullPointerException">
            <full-stacktrace>
              <![CDATA[java.lang.NullPointerException
at com.Junglee.SeleniumUtils.SeleniumContext.getTestLevelURL(SeleniumContext.java:83)
at com.Junglee.Base.Base.beforeMethod(Base.java:96)
at sun.reflect.NativeMethodAccessorImpl.invoke0(Native Method)
at sun.reflect.NativeMethodAccessorImpl.invoke(NativeMethodAccessorImpl.java:62)
at sun.reflect.DelegatingMethodAccessorImpl.invoke(DelegatingMethodAccessorImpl.java:43)
at java.lang.reflect.Method.invoke(Method.java:498)
at org.testng.internal.MethodInvocationHelper.invokeMethod(MethodInvocationHelper.java:124)
at org.testng.internal.MethodInvocationHelper.invokeMethodConsideringTimeout(MethodInvocationHelper.java:59)
at org.testng.internal.Invoker.invokeConfigurationMethod(Invoker.java:458)
at org.testng.internal.Invoker.invokeConfigurations(Invoker.java:222)
at org.testng.internal.Invoker.invokeMethod(Invoker.java:523)
at org.testng.internal.Invoker.invokeTestMethod(Invoker.java:719)
at org.testng.internal.Invoker.invokeTestMethods(Invoker.java:989)
at org.testng.internal.TestMethodWorker.invokeTestMethods(TestMethodWorker.java:125)
at org.testng.internal.TestMethodWorker.run(TestMethodWorker.java:109)
at org.testng.TestRunner.privateRun(TestRunner.java:648)
at org.testng.TestRunner.run(TestRunner.java:505)
at org.testng.SuiteRunner.runTest(SuiteRunner.java:455)
at org.testng.SuiteRunner.runSequentially(SuiteRunner.java:450)
at org.testng.SuiteRunner.privateRun(SuiteRunner.java:415)
at org.testng.SuiteRunner.run(SuiteRunner.java:364)
at org.testng.SuiteRunnerWorker.runSuite(SuiteRunnerWorker.java:52)
at org.testng.SuiteRunnerWorker.run(SuiteRunnerWorker.java:84)
at org.testng.TestNG.runSuitesSequentially(TestNG.java:1208)
at org.testng.TestNG.runSuitesLocally(TestNG.java:1137)
at org.testng.TestNG.runSuites(TestNG.java:1049)
at org.testng.TestNG.run(TestNG.java:1017)
at org.testng.remote.AbstractRemoteTestNG.run(AbstractRemoteTestNG.java:114)
at org.testng.remote.RemoteTestNG.initAndRun(RemoteTestNG.java:251)
at org.testng.remote.RemoteTestNG.main(RemoteTestNG.java:77)
]]>
            </full-stacktrace>
          </exception> <!-- java.lang.NullPointerException -->
          <reporter-output>
          </reporter-output>
        </test-method> <!-- JoinContestPositiveTest -->
        <test-method status="PASS" signature="afterMethod()[pri:0, instance:com.Junglee.APITest.HowzatCore.HowzatJoinContestAPI@28c4711c]" name="afterMethod" is-config="true" duration-ms="1" started-at="2019-07-09T06:16:30Z" finished-at="2019-07-09T06:16:30Z">
          <reporter-output>
          </reporter-output>
        </test-method> <!-- afterMethod -->
        <test-method status="PASS" signature="afterTest(org.testng.ITestContext)[pri:0, instance:com.Junglee.APITest.HowzatCore.HowzatJoinContestAPI@28c4711c]" name="afterTest" is-config="true" duration-ms="458" started-at="2019-07-09T06:16:30Z" finished-at="2019-07-09T06:16:30Z">
          <params>
            <param index="0">
              <value>
                <![CDATA[org.testng.TestRunner@7674f035]]>
              </value>
            </param>
          </params>
          <reporter-output>
          </reporter-output>
        </test-method> <!-- afterTest -->
        <test-method status="PASS" signature="afterSuite(org.testng.ITestContext)[pri:0, instance:com.Junglee.APITest.HowzatCore.HowzatJoinContestAPI@28c4711c]" name="afterSuite" is-config="true" duration-ms="8" started-at="2019-07-09T06:16:30Z" finished-at="2019-07-09T06:16:30Z">
          <params>
            <param index="0">
              <value>
                <![CDATA[org.testng.TestRunner@7674f035]]>
              </value>
            </param>
          </params>
          <reporter-output>
          </reporter-output>
        </test-method> <!-- afterSuite -->
      </class> <!-- com.Junglee.APITest.HowzatCore.HowzatJoinContestAPI -->
    </test> <!-- Default test -->
  </suite> <!-- Default suite -->
</testng-results>
